c:\users\user\desktop\c++_codes\opencv_projects\chapter_4_filtering_in_the_frequency_domain\build\chapter-4.dir\debug\vc142.pdb
c:\users\user\desktop\c++_codes\opencv_projects\chapter_4_filtering_in_the_frequency_domain\build\chapter-4.dir\debug\main_file.obj
c:\users\user\desktop\c++_codes\opencv_projects\chapter_4_filtering_in_the_frequency_domain\build\cmakefiles\generate.stamp
c:\users\user\desktop\c++_codes\opencv_projects\chapter_4_filtering_in_the_frequency_domain\build\debug\chapter-4.exe
c:\users\user\desktop\c++_codes\opencv_projects\chapter_4_filtering_in_the_frequency_domain\build\debug\chapter-4.ilk
c:\users\user\desktop\c++_codes\opencv_projects\chapter_4_filtering_in_the_frequency_domain\build\debug\chapter-4.pdb
c:\users\user\desktop\c++_codes\opencv_projects\chapter_4_filtering_in_the_frequency_domain\build\chapter-4.dir\debug\chapter-4.tlog\cl.command.1.tlog
c:\users\user\desktop\c++_codes\opencv_projects\chapter_4_filtering_in_the_frequency_domain\build\chapter-4.dir\debug\chapter-4.tlog\cl.read.1.tlog
c:\users\user\desktop\c++_codes\opencv_projects\chapter_4_filtering_in_the_frequency_domain\build\chapter-4.dir\debug\chapter-4.tlog\cl.write.1.tlog
c:\users\user\desktop\c++_codes\opencv_projects\chapter_4_filtering_in_the_frequency_domain\build\chapter-4.dir\debug\chapter-4.tlog\custombuild.command.1.tlog
c:\users\user\desktop\c++_codes\opencv_projects\chapter_4_filtering_in_the_frequency_domain\build\chapter-4.dir\debug\chapter-4.tlog\custombuild.read.1.tlog
c:\users\user\desktop\c++_codes\opencv_projects\chapter_4_filtering_in_the_frequency_domain\build\chapter-4.dir\debug\chapter-4.tlog\custombuild.write.1.tlog
c:\users\user\desktop\c++_codes\opencv_projects\chapter_4_filtering_in_the_frequency_domain\build\chapter-4.dir\debug\chapter-4.tlog\link.10028.delete.1.tlog
c:\users\user\desktop\c++_codes\opencv_projects\chapter_4_filtering_in_the_frequency_domain\build\chapter-4.dir\debug\chapter-4.tlog\link.10908.delete.1.tlog
c:\users\user\desktop\c++_codes\opencv_projects\chapter_4_filtering_in_the_frequency_domain\build\chapter-4.dir\debug\chapter-4.tlog\link.10932.delete.1.tlog
c:\users\user\desktop\c++_codes\opencv_projects\chapter_4_filtering_in_the_frequency_domain\build\chapter-4.dir\debug\chapter-4.tlog\link.11240.delete.1.tlog
c:\users\user\desktop\c++_codes\opencv_projects\chapter_4_filtering_in_the_frequency_domain\build\chapter-4.dir\debug\chapter-4.tlog\link.2020.delete.1.tlog
c:\users\user\desktop\c++_codes\opencv_projects\chapter_4_filtering_in_the_frequency_domain\build\chapter-4.dir\debug\chapter-4.tlog\link.4736.delete.1.tlog
c:\users\user\desktop\c++_codes\opencv_projects\chapter_4_filtering_in_the_frequency_domain\build\chapter-4.dir\debug\chapter-4.tlog\link.4988.delete.1.tlog
c:\users\user\desktop\c++_codes\opencv_projects\chapter_4_filtering_in_the_frequency_domain\build\chapter-4.dir\debug\chapter-4.tlog\link.5812.delete.1.tlog
c:\users\user\desktop\c++_codes\opencv_projects\chapter_4_filtering_in_the_frequency_domain\build\chapter-4.dir\debug\chapter-4.tlog\link.7300.delete.1.tlog
c:\users\user\desktop\c++_codes\opencv_projects\chapter_4_filtering_in_the_frequency_domain\build\chapter-4.dir\debug\chapter-4.tlog\link.7496.delete.1.tlog
c:\users\user\desktop\c++_codes\opencv_projects\chapter_4_filtering_in_the_frequency_domain\build\chapter-4.dir\debug\chapter-4.tlog\link.8596.delete.1.tlog
c:\users\user\desktop\c++_codes\opencv_projects\chapter_4_filtering_in_the_frequency_domain\build\chapter-4.dir\debug\chapter-4.tlog\link.command.1.tlog
c:\users\user\desktop\c++_codes\opencv_projects\chapter_4_filtering_in_the_frequency_domain\build\chapter-4.dir\debug\chapter-4.tlog\link.delete.1.tlog
c:\users\user\desktop\c++_codes\opencv_projects\chapter_4_filtering_in_the_frequency_domain\build\chapter-4.dir\debug\chapter-4.tlog\link.read.1.tlog
c:\users\user\desktop\c++_codes\opencv_projects\chapter_4_filtering_in_the_frequency_domain\build\chapter-4.dir\debug\chapter-4.tlog\link.write.1.tlog
